[2025-03-19 08:43:15] local.ERROR: SQLSTATE[HY000]: General error: 1364 Field 'url' doesn't have a default value (Connection: mysql, SQL: insert into `images` (`listing_id`, `updated_at`, `created_at`) values (1, 2025-03-19 08:43:15, 2025-03-19 08:43:15)) {"exception":"[object] (Illuminate\\Database\\QueryException(code: HY000): SQLSTATE[HY000]: General error: 1364 Field 'url' doesn't have a default value (Connection: mysql, SQL: insert into `images` (`listing_id`, `updated_at`, `created_at`) values (1, 2025-03-19 08:43:15, 2025-03-19 08:43:15)) at /Volumes/PortableSSD/Development/MutantProject/CryptoHome-Elite/vendor/laravel/framework/src/Illuminate/Database/Connection.php:829)
[stacktrace]
#0 /Volumes/PortableSSD/Development/MutantProject/CryptoHome-Elite/vendor/laravel/framework/src/Illuminate/Database/Connection.php(783): Illuminate\\Database\\Connection->runQueryCallback('insert into `im...', Array, Object(Closure))
#1 /Volumes/PortableSSD/Development/MutantProject/CryptoHome-Elite/vendor/laravel/framework/src/Illuminate/Database/MySqlConnection.php(34): Illuminate\\Database\\Connection->run('insert into `im...', Array, Object(Closure))
#2 /Volumes/PortableSSD/Development/MutantProject/CryptoHome-Elite/vendor/laravel/framework/src/Illuminate/Database/Query/Processors/MySqlProcessor.php(35): Illuminate\\Database\\MySqlConnection->insert('insert into `im...', Array, 'id')
#3 /Volumes/PortableSSD/Development/MutantProject/CryptoHome-Elite/vendor/laravel/framework/src/Illuminate/Database/Query/Builder.php(3549): Illuminate\\Database\\Query\\Processors\\MySqlProcessor->processInsertGetId(Object(Illuminate\\Database\\Query\\Builder), 'insert into `im...', Array, 'id')
#4 /Volumes/PortableSSD/Development/MutantProject/CryptoHome-Elite/vendor/laravel/framework/src/Illuminate/Database/Eloquent/Builder.php(1982): Illuminate\\Database\\Query\\Builder->insertGetId(Array, 'id')
#5 /Volumes/PortableSSD/Development/MutantProject/CryptoHome-Elite/vendor/laravel/framework/src/Illuminate/Database/Eloquent/Model.php(1334): Illuminate\\Database\\Eloquent\\Builder->__call('insertGetId', Array)
#6 /Volumes/PortableSSD/Development/MutantProject/CryptoHome-Elite/vendor/laravel/framework/src/Illuminate/Database/Eloquent/Model.php(1299): Illuminate\\Database\\Eloquent\\Model->insertAndSetId(Object(Illuminate\\Database\\Eloquent\\Builder), Array)
#7 /Volumes/PortableSSD/Development/MutantProject/CryptoHome-Elite/vendor/laravel/framework/src/Illuminate/Database/Eloquent/Model.php(1138): Illuminate\\Database\\Eloquent\\Model->performInsert(Object(Illuminate\\Database\\Eloquent\\Builder))
#8 /Volumes/PortableSSD/Development/MutantProject/CryptoHome-Elite/vendor/laravel/framework/src/Illuminate/Database/Eloquent/Builder.php(1025): Illuminate\\Database\\Eloquent\\Model->save()
#9 /Volumes/PortableSSD/Development/MutantProject/CryptoHome-Elite/vendor/laravel/framework/src/Illuminate/Support/helpers.php(320): Illuminate\\Database\\Eloquent\\Builder->Illuminate\\Database\\Eloquent\\{closure}(Object(App\\Models\\Image))
#10 /Volumes/PortableSSD/Development/MutantProject/CryptoHome-Elite/vendor/laravel/framework/src/Illuminate/Database/Eloquent/Builder.php(1024): tap(Object(App\\Models\\Image), Object(Closure))
#11 /Volumes/PortableSSD/Development/MutantProject/CryptoHome-Elite/vendor/laravel/framework/src/Illuminate/Support/Traits/ForwardsCalls.php(23): Illuminate\\Database\\Eloquent\\Builder->create(Array)
#12 /Volumes/PortableSSD/Development/MutantProject/CryptoHome-Elite/vendor/laravel/framework/src/Illuminate/Database/Eloquent/Model.php(2335): Illuminate\\Database\\Eloquent\\Model->forwardCallTo(Object(Illuminate\\Database\\Eloquent\\Builder), 'create', Array)
#13 /Volumes/PortableSSD/Development/MutantProject/CryptoHome-Elite/vendor/laravel/framework/src/Illuminate/Database/Eloquent/Model.php(2347): Illuminate\\Database\\Eloquent\\Model->__call('create', Array)
#14 /Volumes/PortableSSD/Development/MutantProject/CryptoHome-Elite/app/Console/Commands/ImportListings.php(120): Illuminate\\Database\\Eloquent\\Model::__callStatic('create', Array)
#15 /Volumes/PortableSSD/Development/MutantProject/CryptoHome-Elite/app/Console/Commands/ImportListings.php(83): App\\Console\\Commands\\ImportListings->saveImages(1, Object(SimpleXMLElement))
#16 /Volumes/PortableSSD/Development/MutantProject/CryptoHome-Elite/vendor/laravel/framework/src/Illuminate/Container/BoundMethod.php(36): App\\Console\\Commands\\ImportListings->handle()
#17 /Volumes/PortableSSD/Development/MutantProject/CryptoHome-Elite/vendor/laravel/framework/src/Illuminate/Container/Util.php(41): Illuminate\\Container\\BoundMethod::Illuminate\\Container\\{closure}()
#18 /Volumes/PortableSSD/Development/MutantProject/CryptoHome-Elite/vendor/laravel/framework/src/Illuminate/Container/BoundMethod.php(93): Illuminate\\Container\\Util::unwrapIfClosure(Object(Closure))
#19 /Volumes/PortableSSD/Development/MutantProject/CryptoHome-Elite/vendor/laravel/framework/src/Illuminate/Container/BoundMethod.php(35): Illuminate\\Container\\BoundMethod::callBoundMethod(Object(Illuminate\\Foundation\\Application), Array, Object(Closure))
#20 /Volumes/PortableSSD/Development/MutantProject/CryptoHome-Elite/vendor/laravel/framework/src/Illuminate/Container/Container.php(662): Illuminate\\Container\\BoundMethod::call(Object(Illuminate\\Foundation\\Application), Array, Array, NULL)
#21 /Volumes/PortableSSD/Development/MutantProject/CryptoHome-Elite/vendor/laravel/framework/src/Illuminate/Console/Command.php(211): Illuminate\\Container\\Container->call(Array)
#22 /Volumes/PortableSSD/Development/MutantProject/CryptoHome-Elite/vendor/symfony/console/Command/Command.php(326): Illuminate\\Console\\Command->execute(Object(Symfony\\Component\\Console\\Input\\ArgvInput), Object(Illuminate\\Console\\OutputStyle))
#23 /Volumes/PortableSSD/Development/MutantProject/CryptoHome-Elite/vendor/laravel/framework/src/Illuminate/Console/Command.php(180): Symfony\\Component\\Console\\Command\\Command->run(Object(Symfony\\Component\\Console\\Input\\ArgvInput), Object(Illuminate\\Console\\OutputStyle))
#24 /Volumes/PortableSSD/Development/MutantProject/CryptoHome-Elite/vendor/symfony/console/Application.php(1096): Illuminate\\Console\\Command->run(Object(Symfony\\Component\\Console\\Input\\ArgvInput), Object(Symfony\\Component\\Console\\Output\\ConsoleOutput))
#25 /Volumes/PortableSSD/Development/MutantProject/CryptoHome-Elite/vendor/symfony/console/Application.php(324): Symfony\\Component\\Console\\Application->doRunCommand(Object(App\\Console\\Commands\\ImportListings), Object(Symfony\\Component\\Console\\Input\\ArgvInput), Object(Symfony\\Component\\Console\\Output\\ConsoleOutput))
#26 /Volumes/PortableSSD/Development/MutantProject/CryptoHome-Elite/vendor/symfony/console/Application.php(175): Symfony\\Component\\Console\\Application->doRun(Object(Symfony\\Component\\Console\\Input\\ArgvInput), Object(Symfony\\Component\\Console\\Output\\ConsoleOutput))
#27 /Volumes/PortableSSD/Development/MutantProject/CryptoHome-Elite/vendor/laravel/framework/src/Illuminate/Foundation/Console/Kernel.php(201): Symfony\\Component\\Console\\Application->run(Object(Symfony\\Component\\Console\\Input\\ArgvInput), Object(Symfony\\Component\\Console\\Output\\ConsoleOutput))
#28 /Volumes/PortableSSD/Development/MutantProject/CryptoHome-Elite/artisan(35): Illuminate\\Foundation\\Console\\Kernel->handle(Object(Symfony\\Component\\Console\\Input\\ArgvInput), Object(Symfony\\Component\\Console\\Output\\ConsoleOutput))
#29 {main}

[previous exception] [object] (PDOException(code: HY000): SQLSTATE[HY000]: General error: 1364 Field 'url' doesn't have a default value at /Volumes/PortableSSD/Development/MutantProject/CryptoHome-Elite/vendor/laravel/framework/src/Illuminate/Database/MySqlConnection.php:45)
[stacktrace]
#0 /Volumes/PortableSSD/Development/MutantProject/CryptoHome-Elite/vendor/laravel/framework/src/Illuminate/Database/MySqlConnection.php(45): PDOStatement->execute()
#1 /Volumes/PortableSSD/Development/MutantProject/CryptoHome-Elite/vendor/laravel/framework/src/Illuminate/Database/Connection.php(816): Illuminate\\Database\\MySqlConnection->Illuminate\\Database\\{closure}('insert into `im...', Array)
#2 /Volumes/PortableSSD/Development/MutantProject/CryptoHome-Elite/vendor/laravel/framework/src/Illuminate/Database/Connection.php(783): Illuminate\\Database\\Connection->runQueryCallback('insert into `im...', Array, Object(Closure))
#3 /Volumes/PortableSSD/Development/MutantProject/CryptoHome-Elite/vendor/laravel/framework/src/Illuminate/Database/MySqlConnection.php(34): Illuminate\\Database\\Connection->run('insert into `im...', Array, Object(Closure))
#4 /Volumes/PortableSSD/Development/MutantProject/CryptoHome-Elite/vendor/laravel/framework/src/Illuminate/Database/Query/Processors/MySqlProcessor.php(35): Illuminate\\Database\\MySqlConnection->insert('insert into `im...', Array, 'id')
#5 /Volumes/PortableSSD/Development/MutantProject/CryptoHome-Elite/vendor/laravel/framework/src/Illuminate/Database/Query/Builder.php(3549): Illuminate\\Database\\Query\\Processors\\MySqlProcessor->processInsertGetId(Object(Illuminate\\Database\\Query\\Builder), 'insert into `im...', Array, 'id')
#6 /Volumes/PortableSSD/Development/MutantProject/CryptoHome-Elite/vendor/laravel/framework/src/Illuminate/Database/Eloquent/Builder.php(1982): Illuminate\\Database\\Query\\Builder->insertGetId(Array, 'id')
#7 /Volumes/PortableSSD/Development/MutantProject/CryptoHome-Elite/vendor/laravel/framework/src/Illuminate/Database/Eloquent/Model.php(1334): Illuminate\\Database\\Eloquent\\Builder->__call('insertGetId', Array)
#8 /Volumes/PortableSSD/Development/MutantProject/CryptoHome-Elite/vendor/laravel/framework/src/Illuminate/Database/Eloquent/Model.php(1299): Illuminate\\Database\\Eloquent\\Model->insertAndSetId(Object(Illuminate\\Database\\Eloquent\\Builder), Array)
#9 /Volumes/PortableSSD/Development/MutantProject/CryptoHome-Elite/vendor/laravel/framework/src/Illuminate/Database/Eloquent/Model.php(1138): Illuminate\\Database\\Eloquent\\Model->performInsert(Object(Illuminate\\Database\\Eloquent\\Builder))
#10 /Volumes/PortableSSD/Development/MutantProject/CryptoHome-Elite/vendor/laravel/framework/src/Illuminate/Database/Eloquent/Builder.php(1025): Illuminate\\Database\\Eloquent\\Model->save()
#11 /Volumes/PortableSSD/Development/MutantProject/CryptoHome-Elite/vendor/laravel/framework/src/Illuminate/Support/helpers.php(320): Illuminate\\Database\\Eloquent\\Builder->Illuminate\\Database\\Eloquent\\{closure}(Object(App\\Models\\Image))
#12 /Volumes/PortableSSD/Development/MutantProject/CryptoHome-Elite/vendor/laravel/framework/src/Illuminate/Database/Eloquent/Builder.php(1024): tap(Object(App\\Models\\Image), Object(Closure))
#13 /Volumes/PortableSSD/Development/MutantProject/CryptoHome-Elite/vendor/laravel/framework/src/Illuminate/Support/Traits/ForwardsCalls.php(23): Illuminate\\Database\\Eloquent\\Builder->create(Array)
#14 /Volumes/PortableSSD/Development/MutantProject/CryptoHome-Elite/vendor/laravel/framework/src/Illuminate/Database/Eloquent/Model.php(2335): Illuminate\\Database\\Eloquent\\Model->forwardCallTo(Object(Illuminate\\Database\\Eloquent\\Builder), 'create', Array)
#15 /Volumes/PortableSSD/Development/MutantProject/CryptoHome-Elite/vendor/laravel/framework/src/Illuminate/Database/Eloquent/Model.php(2347): Illuminate\\Database\\Eloquent\\Model->__call('create', Array)
#16 /Volumes/PortableSSD/Development/MutantProject/CryptoHome-Elite/app/Console/Commands/ImportListings.php(120): Illuminate\\Database\\Eloquent\\Model::__callStatic('create', Array)
#17 /Volumes/PortableSSD/Development/MutantProject/CryptoHome-Elite/app/Console/Commands/ImportListings.php(83): App\\Console\\Commands\\ImportListings->saveImages(1, Object(SimpleXMLElement))
#18 /Volumes/PortableSSD/Development/MutantProject/CryptoHome-Elite/vendor/laravel/framework/src/Illuminate/Container/BoundMethod.php(36): App\\Console\\Commands\\ImportListings->handle()
#19 /Volumes/PortableSSD/Development/MutantProject/CryptoHome-Elite/vendor/laravel/framework/src/Illuminate/Container/Util.php(41): Illuminate\\Container\\BoundMethod::Illuminate\\Container\\{closure}()
#20 /Volumes/PortableSSD/Development/MutantProject/CryptoHome-Elite/vendor/laravel/framework/src/Illuminate/Container/BoundMethod.php(93): Illuminate\\Container\\Util::unwrapIfClosure(Object(Closure))
#21 /Volumes/PortableSSD/Development/MutantProject/CryptoHome-Elite/vendor/laravel/framework/src/Illuminate/Container/BoundMethod.php(35): Illuminate\\Container\\BoundMethod::callBoundMethod(Object(Illuminate\\Foundation\\Application), Array, Object(Closure))
#22 /Volumes/PortableSSD/Development/MutantProject/CryptoHome-Elite/vendor/laravel/framework/src/Illuminate/Container/Container.php(662): Illuminate\\Container\\BoundMethod::call(Object(Illuminate\\Foundation\\Application), Array, Array, NULL)
#23 /Volumes/PortableSSD/Development/MutantProject/CryptoHome-Elite/vendor/laravel/framework/src/Illuminate/Console/Command.php(211): Illuminate\\Container\\Container->call(Array)
#24 /Volumes/PortableSSD/Development/MutantProject/CryptoHome-Elite/vendor/symfony/console/Command/Command.php(326): Illuminate\\Console\\Command->execute(Object(Symfony\\Component\\Console\\Input\\ArgvInput), Object(Illuminate\\Console\\OutputStyle))
#25 /Volumes/PortableSSD/Development/MutantProject/CryptoHome-Elite/vendor/laravel/framework/src/Illuminate/Console/Command.php(180): Symfony\\Component\\Console\\Command\\Command->run(Object(Symfony\\Component\\Console\\Input\\ArgvInput), Object(Illuminate\\Console\\OutputStyle))
#26 /Volumes/PortableSSD/Development/MutantProject/CryptoHome-Elite/vendor/symfony/console/Application.php(1096): Illuminate\\Console\\Command->run(Object(Symfony\\Component\\Console\\Input\\ArgvInput), Object(Symfony\\Component\\Console\\Output\\ConsoleOutput))
#27 /Volumes/PortableSSD/Development/MutantProject/CryptoHome-Elite/vendor/symfony/console/Application.php(324): Symfony\\Component\\Console\\Application->doRunCommand(Object(App\\Console\\Commands\\ImportListings), Object(Symfony\\Component\\Console\\Input\\ArgvInput), Object(Symfony\\Component\\Console\\Output\\ConsoleOutput))
#28 /Volumes/PortableSSD/Development/MutantProject/CryptoHome-Elite/vendor/symfony/console/Application.php(175): Symfony\\Component\\Console\\Application->doRun(Object(Symfony\\Component\\Console\\Input\\ArgvInput), Object(Symfony\\Component\\Console\\Output\\ConsoleOutput))
#29 /Volumes/PortableSSD/Development/MutantProject/CryptoHome-Elite/vendor/laravel/framework/src/Illuminate/Foundation/Console/Kernel.php(201): Symfony\\Component\\Console\\Application->run(Object(Symfony\\Component\\Console\\Input\\ArgvInput), Object(Symfony\\Component\\Console\\Output\\ConsoleOutput))
#30 /Volumes/PortableSSD/Development/MutantProject/CryptoHome-Elite/artisan(35): Illuminate\\Foundation\\Console\\Kernel->handle(Object(Symfony\\Component\\Console\\Input\\ArgvInput), Object(Symfony\\Component\\Console\\Output\\ConsoleOutput))
#31 {main}
"} 
[2025-03-19 08:44:09] local.ERROR: SQLSTATE[HY000]: General error: 1364 Field 'url' doesn't have a default value (Connection: mysql, SQL: insert into `images` (`listing_id`, `updated_at`, `created_at`) values (1, 2025-03-19 08:44:09, 2025-03-19 08:44:09)) {"exception":"[object] (Illuminate\\Database\\QueryException(code: HY000): SQLSTATE[HY000]: General error: 1364 Field 'url' doesn't have a default value (Connection: mysql, SQL: insert into `images` (`listing_id`, `updated_at`, `created_at`) values (1, 2025-03-19 08:44:09, 2025-03-19 08:44:09)) at /Volumes/PortableSSD/Development/MutantProject/CryptoHome-Elite/vendor/laravel/framework/src/Illuminate/Database/Connection.php:829)
[stacktrace]
#0 /Volumes/PortableSSD/Development/MutantProject/CryptoHome-Elite/vendor/laravel/framework/src/Illuminate/Database/Connection.php(783): Illuminate\\Database\\Connection->runQueryCallback('insert into `im...', Array, Object(Closure))
#1 /Volumes/PortableSSD/Development/MutantProject/CryptoHome-Elite/vendor/laravel/framework/src/Illuminate/Database/MySqlConnection.php(34): Illuminate\\Database\\Connection->run('insert into `im...', Array, Object(Closure))
#2 /Volumes/PortableSSD/Development/MutantProject/CryptoHome-Elite/vendor/laravel/framework/src/Illuminate/Database/Query/Processors/MySqlProcessor.php(35): Illuminate\\Database\\MySqlConnection->insert('insert into `im...', Array, 'id')
#3 /Volumes/PortableSSD/Development/MutantProject/CryptoHome-Elite/vendor/laravel/framework/src/Illuminate/Database/Query/Builder.php(3549): Illuminate\\Database\\Query\\Processors\\MySqlProcessor->processInsertGetId(Object(Illuminate\\Database\\Query\\Builder), 'insert into `im...', Array, 'id')
#4 /Volumes/PortableSSD/Development/MutantProject/CryptoHome-Elite/vendor/laravel/framework/src/Illuminate/Database/Eloquent/Builder.php(1982): Illuminate\\Database\\Query\\Builder->insertGetId(Array, 'id')
#5 /Volumes/PortableSSD/Development/MutantProject/CryptoHome-Elite/vendor/laravel/framework/src/Illuminate/Database/Eloquent/Model.php(1334): Illuminate\\Database\\Eloquent\\Builder->__call('insertGetId', Array)
#6 /Volumes/PortableSSD/Development/MutantProject/CryptoHome-Elite/vendor/laravel/framework/src/Illuminate/Database/Eloquent/Model.php(1299): Illuminate\\Database\\Eloquent\\Model->insertAndSetId(Object(Illuminate\\Database\\Eloquent\\Builder), Array)
#7 /Volumes/PortableSSD/Development/MutantProject/CryptoHome-Elite/vendor/laravel/framework/src/Illuminate/Database/Eloquent/Model.php(1138): Illuminate\\Database\\Eloquent\\Model->performInsert(Object(Illuminate\\Database\\Eloquent\\Builder))
#8 /Volumes/PortableSSD/Development/MutantProject/CryptoHome-Elite/vendor/laravel/framework/src/Illuminate/Database/Eloquent/Builder.php(1025): Illuminate\\Database\\Eloquent\\Model->save()
#9 /Volumes/PortableSSD/Development/MutantProject/CryptoHome-Elite/vendor/laravel/framework/src/Illuminate/Support/helpers.php(320): Illuminate\\Database\\Eloquent\\Builder->Illuminate\\Database\\Eloquent\\{closure}(Object(App\\Models\\Image))
#10 /Volumes/PortableSSD/Development/MutantProject/CryptoHome-Elite/vendor/laravel/framework/src/Illuminate/Database/Eloquent/Builder.php(1024): tap(Object(App\\Models\\Image), Object(Closure))
#11 /Volumes/PortableSSD/Development/MutantProject/CryptoHome-Elite/vendor/laravel/framework/src/Illuminate/Support/Traits/ForwardsCalls.php(23): Illuminate\\Database\\Eloquent\\Builder->create(Array)
#12 /Volumes/PortableSSD/Development/MutantProject/CryptoHome-Elite/vendor/laravel/framework/src/Illuminate/Database/Eloquent/Model.php(2335): Illuminate\\Database\\Eloquent\\Model->forwardCallTo(Object(Illuminate\\Database\\Eloquent\\Builder), 'create', Array)
#13 /Volumes/PortableSSD/Development/MutantProject/CryptoHome-Elite/vendor/laravel/framework/src/Illuminate/Database/Eloquent/Model.php(2347): Illuminate\\Database\\Eloquent\\Model->__call('create', Array)
#14 /Volumes/PortableSSD/Development/MutantProject/CryptoHome-Elite/app/Console/Commands/ImportListings.php(120): Illuminate\\Database\\Eloquent\\Model::__callStatic('create', Array)
#15 /Volumes/PortableSSD/Development/MutantProject/CryptoHome-Elite/app/Console/Commands/ImportListings.php(83): App\\Console\\Commands\\ImportListings->saveImages(1, Object(SimpleXMLElement))
#16 /Volumes/PortableSSD/Development/MutantProject/CryptoHome-Elite/vendor/laravel/framework/src/Illuminate/Container/BoundMethod.php(36): App\\Console\\Commands\\ImportListings->handle()
#17 /Volumes/PortableSSD/Development/MutantProject/CryptoHome-Elite/vendor/laravel/framework/src/Illuminate/Container/Util.php(41): Illuminate\\Container\\BoundMethod::Illuminate\\Container\\{closure}()
#18 /Volumes/PortableSSD/Development/MutantProject/CryptoHome-Elite/vendor/laravel/framework/src/Illuminate/Container/BoundMethod.php(93): Illuminate\\Container\\Util::unwrapIfClosure(Object(Closure))
#19 /Volumes/PortableSSD/Development/MutantProject/CryptoHome-Elite/vendor/laravel/framework/src/Illuminate/Container/BoundMethod.php(35): Illuminate\\Container\\BoundMethod::callBoundMethod(Object(Illuminate\\Foundation\\Application), Array, Object(Closure))
#20 /Volumes/PortableSSD/Development/MutantProject/CryptoHome-Elite/vendor/laravel/framework/src/Illuminate/Container/Container.php(662): Illuminate\\Container\\BoundMethod::call(Object(Illuminate\\Foundation\\Application), Array, Array, NULL)
#21 /Volumes/PortableSSD/Development/MutantProject/CryptoHome-Elite/vendor/laravel/framework/src/Illuminate/Console/Command.php(211): Illuminate\\Container\\Container->call(Array)
#22 /Volumes/PortableSSD/Development/MutantProject/CryptoHome-Elite/vendor/symfony/console/Command/Command.php(326): Illuminate\\Console\\Command->execute(Object(Symfony\\Component\\Console\\Input\\ArgvInput), Object(Illuminate\\Console\\OutputStyle))
#23 /Volumes/PortableSSD/Development/MutantProject/CryptoHome-Elite/vendor/laravel/framework/src/Illuminate/Console/Command.php(180): Symfony\\Component\\Console\\Command\\Command->run(Object(Symfony\\Component\\Console\\Input\\ArgvInput), Object(Illuminate\\Console\\OutputStyle))
#24 /Volumes/PortableSSD/Development/MutantProject/CryptoHome-Elite/vendor/symfony/console/Application.php(1096): Illuminate\\Console\\Command->run(Object(Symfony\\Component\\Console\\Input\\ArgvInput), Object(Symfony\\Component\\Console\\Output\\ConsoleOutput))
#25 /Volumes/PortableSSD/Development/MutantProject/CryptoHome-Elite/vendor/symfony/console/Application.php(324): Symfony\\Component\\Console\\Application->doRunCommand(Object(App\\Console\\Commands\\ImportListings), Object(Symfony\\Component\\Console\\Input\\ArgvInput), Object(Symfony\\Component\\Console\\Output\\ConsoleOutput))
#26 /Volumes/PortableSSD/Development/MutantProject/CryptoHome-Elite/vendor/symfony/console/Application.php(175): Symfony\\Component\\Console\\Application->doRun(Object(Symfony\\Component\\Console\\Input\\ArgvInput), Object(Symfony\\Component\\Console\\Output\\ConsoleOutput))
#27 /Volumes/PortableSSD/Development/MutantProject/CryptoHome-Elite/vendor/laravel/framework/src/Illuminate/Foundation/Console/Kernel.php(201): Symfony\\Component\\Console\\Application->run(Object(Symfony\\Component\\Console\\Input\\ArgvInput), Object(Symfony\\Component\\Console\\Output\\ConsoleOutput))
#28 /Volumes/PortableSSD/Development/MutantProject/CryptoHome-Elite/artisan(35): Illuminate\\Foundation\\Console\\Kernel->handle(Object(Symfony\\Component\\Console\\Input\\ArgvInput), Object(Symfony\\Component\\Console\\Output\\ConsoleOutput))
#29 {main}

[previous exception] [object] (PDOException(code: HY000): SQLSTATE[HY000]: General error: 1364 Field 'url' doesn't have a default value at /Volumes/PortableSSD/Development/MutantProject/CryptoHome-Elite/vendor/laravel/framework/src/Illuminate/Database/MySqlConnection.php:45)
[stacktrace]
#0 /Volumes/PortableSSD/Development/MutantProject/CryptoHome-Elite/vendor/laravel/framework/src/Illuminate/Database/MySqlConnection.php(45): PDOStatement->execute()
#1 /Volumes/PortableSSD/Development/MutantProject/CryptoHome-Elite/vendor/laravel/framework/src/Illuminate/Database/Connection.php(816): Illuminate\\Database\\MySqlConnection->Illuminate\\Database\\{closure}('insert into `im...', Array)
#2 /Volumes/PortableSSD/Development/MutantProject/CryptoHome-Elite/vendor/laravel/framework/src/Illuminate/Database/Connection.php(783): Illuminate\\Database\\Connection->runQueryCallback('insert into `im...', Array, Object(Closure))
#3 /Volumes/PortableSSD/Development/MutantProject/CryptoHome-Elite/vendor/laravel/framework/src/Illuminate/Database/MySqlConnection.php(34): Illuminate\\Database\\Connection->run('insert into `im...', Array, Object(Closure))
#4 /Volumes/PortableSSD/Development/MutantProject/CryptoHome-Elite/vendor/laravel/framework/src/Illuminate/Database/Query/Processors/MySqlProcessor.php(35): Illuminate\\Database\\MySqlConnection->insert('insert into `im...', Array, 'id')
#5 /Volumes/PortableSSD/Development/MutantProject/CryptoHome-Elite/vendor/laravel/framework/src/Illuminate/Database/Query/Builder.php(3549): Illuminate\\Database\\Query\\Processors\\MySqlProcessor->processInsertGetId(Object(Illuminate\\Database\\Query\\Builder), 'insert into `im...', Array, 'id')
#6 /Volumes/PortableSSD/Development/MutantProject/CryptoHome-Elite/vendor/laravel/framework/src/Illuminate/Database/Eloquent/Builder.php(1982): Illuminate\\Database\\Query\\Builder->insertGetId(Array, 'id')
#7 /Volumes/PortableSSD/Development/MutantProject/CryptoHome-Elite/vendor/laravel/framework/src/Illuminate/Database/Eloquent/Model.php(1334): Illuminate\\Database\\Eloquent\\Builder->__call('insertGetId', Array)
#8 /Volumes/PortableSSD/Development/MutantProject/CryptoHome-Elite/vendor/laravel/framework/src/Illuminate/Database/Eloquent/Model.php(1299): Illuminate\\Database\\Eloquent\\Model->insertAndSetId(Object(Illuminate\\Database\\Eloquent\\Builder), Array)
#9 /Volumes/PortableSSD/Development/MutantProject/CryptoHome-Elite/vendor/laravel/framework/src/Illuminate/Database/Eloquent/Model.php(1138): Illuminate\\Database\\Eloquent\\Model->performInsert(Object(Illuminate\\Database\\Eloquent\\Builder))
#10 /Volumes/PortableSSD/Development/MutantProject/CryptoHome-Elite/vendor/laravel/framework/src/Illuminate/Database/Eloquent/Builder.php(1025): Illuminate\\Database\\Eloquent\\Model->save()
#11 /Volumes/PortableSSD/Development/MutantProject/CryptoHome-Elite/vendor/laravel/framework/src/Illuminate/Support/helpers.php(320): Illuminate\\Database\\Eloquent\\Builder->Illuminate\\Database\\Eloquent\\{closure}(Object(App\\Models\\Image))
#12 /Volumes/PortableSSD/Development/MutantProject/CryptoHome-Elite/vendor/laravel/framework/src/Illuminate/Database/Eloquent/Builder.php(1024): tap(Object(App\\Models\\Image), Object(Closure))
#13 /Volumes/PortableSSD/Development/MutantProject/CryptoHome-Elite/vendor/laravel/framework/src/Illuminate/Support/Traits/ForwardsCalls.php(23): Illuminate\\Database\\Eloquent\\Builder->create(Array)
#14 /Volumes/PortableSSD/Development/MutantProject/CryptoHome-Elite/vendor/laravel/framework/src/Illuminate/Database/Eloquent/Model.php(2335): Illuminate\\Database\\Eloquent\\Model->forwardCallTo(Object(Illuminate\\Database\\Eloquent\\Builder), 'create', Array)
#15 /Volumes/PortableSSD/Development/MutantProject/CryptoHome-Elite/vendor/laravel/framework/src/Illuminate/Database/Eloquent/Model.php(2347): Illuminate\\Database\\Eloquent\\Model->__call('create', Array)
#16 /Volumes/PortableSSD/Development/MutantProject/CryptoHome-Elite/app/Console/Commands/ImportListings.php(120): Illuminate\\Database\\Eloquent\\Model::__callStatic('create', Array)
#17 /Volumes/PortableSSD/Development/MutantProject/CryptoHome-Elite/app/Console/Commands/ImportListings.php(83): App\\Console\\Commands\\ImportListings->saveImages(1, Object(SimpleXMLElement))
#18 /Volumes/PortableSSD/Development/MutantProject/CryptoHome-Elite/vendor/laravel/framework/src/Illuminate/Container/BoundMethod.php(36): App\\Console\\Commands\\ImportListings->handle()
#19 /Volumes/PortableSSD/Development/MutantProject/CryptoHome-Elite/vendor/laravel/framework/src/Illuminate/Container/Util.php(41): Illuminate\\Container\\BoundMethod::Illuminate\\Container\\{closure}()
#20 /Volumes/PortableSSD/Development/MutantProject/CryptoHome-Elite/vendor/laravel/framework/src/Illuminate/Container/BoundMethod.php(93): Illuminate\\Container\\Util::unwrapIfClosure(Object(Closure))
#21 /Volumes/PortableSSD/Development/MutantProject/CryptoHome-Elite/vendor/laravel/framework/src/Illuminate/Container/BoundMethod.php(35): Illuminate\\Container\\BoundMethod::callBoundMethod(Object(Illuminate\\Foundation\\Application), Array, Object(Closure))
#22 /Volumes/PortableSSD/Development/MutantProject/CryptoHome-Elite/vendor/laravel/framework/src/Illuminate/Container/Container.php(662): Illuminate\\Container\\BoundMethod::call(Object(Illuminate\\Foundation\\Application), Array, Array, NULL)
#23 /Volumes/PortableSSD/Development/MutantProject/CryptoHome-Elite/vendor/laravel/framework/src/Illuminate/Console/Command.php(211): Illuminate\\Container\\Container->call(Array)
#24 /Volumes/PortableSSD/Development/MutantProject/CryptoHome-Elite/vendor/symfony/console/Command/Command.php(326): Illuminate\\Console\\Command->execute(Object(Symfony\\Component\\Console\\Input\\ArgvInput), Object(Illuminate\\Console\\OutputStyle))
#25 /Volumes/PortableSSD/Development/MutantProject/CryptoHome-Elite/vendor/laravel/framework/src/Illuminate/Console/Command.php(180): Symfony\\Component\\Console\\Command\\Command->run(Object(Symfony\\Component\\Console\\Input\\ArgvInput), Object(Illuminate\\Console\\OutputStyle))
#26 /Volumes/PortableSSD/Development/MutantProject/CryptoHome-Elite/vendor/symfony/console/Application.php(1096): Illuminate\\Console\\Command->run(Object(Symfony\\Component\\Console\\Input\\ArgvInput), Object(Symfony\\Component\\Console\\Output\\ConsoleOutput))
#27 /Volumes/PortableSSD/Development/MutantProject/CryptoHome-Elite/vendor/symfony/console/Application.php(324): Symfony\\Component\\Console\\Application->doRunCommand(Object(App\\Console\\Commands\\ImportListings), Object(Symfony\\Component\\Console\\Input\\ArgvInput), Object(Symfony\\Component\\Console\\Output\\ConsoleOutput))
#28 /Volumes/PortableSSD/Development/MutantProject/CryptoHome-Elite/vendor/symfony/console/Application.php(175): Symfony\\Component\\Console\\Application->doRun(Object(Symfony\\Component\\Console\\Input\\ArgvInput), Object(Symfony\\Component\\Console\\Output\\ConsoleOutput))
#29 /Volumes/PortableSSD/Development/MutantProject/CryptoHome-Elite/vendor/laravel/framework/src/Illuminate/Foundation/Console/Kernel.php(201): Symfony\\Component\\Console\\Application->run(Object(Symfony\\Component\\Console\\Input\\ArgvInput), Object(Symfony\\Component\\Console\\Output\\ConsoleOutput))
#30 /Volumes/PortableSSD/Development/MutantProject/CryptoHome-Elite/artisan(35): Illuminate\\Foundation\\Console\\Kernel->handle(Object(Symfony\\Component\\Console\\Input\\ArgvInput), Object(Symfony\\Component\\Console\\Output\\ConsoleOutput))
#31 {main}
"} 
