
   Illuminate\Database\QueryException 

  SQLSTATE[HY000]: General error: 1364 Field 'url' doesn't have a default value (Connection: mysql, SQL: insert into `images` (`listing_id`, `updated_at`, `created_at`) values (1, 2025-03-19 08:43:15, 2025-03-19 08:43:15))

  at vendor/laravel/framework/src/Illuminate/Database/Connection.php:829
    825▕                     $this->getName(), $query, $this->prepareBindings($bindings), $e
    826▕                 );
    827▕             }
    828▕ 
  ➜ 829▕             throw new QueryException(
    830▕                 $this->getName(), $query, $this->prepareBindings($bindings), $e
    831▕             );
    832▕         }
    833▕     }

      [2m+17 vendor frames [22m

  18  app/Console/Commands/ImportListings.php:120
      Illuminate\Database\Eloquent\Model::__callStatic("create")

  19  app/Console/Commands/ImportListings.php:83
      App\Console\Commands\ImportListings::saveImages(Object(SimpleXMLElement))


   Illuminate\Database\QueryException 

  SQLSTATE[HY000]: General error: 1364 Field 'url' doesn't have a default value (Connection: mysql, SQL: insert into `images` (`listing_id`, `updated_at`, `created_at`) values (1, 2025-03-19 08:44:09, 2025-03-19 08:44:09))

  at vendor/laravel/framework/src/Illuminate/Database/Connection.php:829
    825▕                     $this->getName(), $query, $this->prepareBindings($bindings), $e
    826▕                 );
    827▕             }
    828▕ 
  ➜ 829▕             throw new QueryException(
    830▕                 $this->getName(), $query, $this->prepareBindings($bindings), $e
    831▕             );
    832▕         }
    833▕     }

      [2m+17 vendor frames [22m

  18  app/Console/Commands/ImportListings.php:120
      Illuminate\Database\Eloquent\Model::__callStatic("create")

  19  app/Console/Commands/ImportListings.php:83
      App\Console\Commands\ImportListings::saveImages(Object(SimpleXMLElement))

Listings imported successfully.
Listings imported successfully.
Listings imported successfully.
Listings imported successfully.
Listings imported successfully.
Listings imported successfully.
Listings imported successfully.
